<?xml version="1.0" encoding="UTF-8" standalone="no"?>
<!DOCTYPE log SYSTEM "logger.dtd">
<log>
<record>
  <date>2018-05-02T18:58:22</date>
  <millis>1525258702130</millis>
  <sequence>0</sequence>
  <logger>org.uma.jmetal.util.JMetalLogger</logger>
  <level>INFO</level>
  <class>org.uma.jmetal.util.JMetalLogger</class>
  <method>configureLoggers</method>
  <thread>1</thread>
  <message>Loggers configured with null</message>
</record>
<record>
  <date>2018-05-02T18:58:22</date>
  <millis>1525258702144</millis>
  <sequence>1</sequence>
  <logger>org.uma.jmetal.util.JMetalLogger</logger>
  <level>SEVERE</level>
  <class>org.uma.jmetal.problem.singleobjective.cec2005competitioncode.Benchmark</class>
  <method>loadRowVectorFromFile</method>
  <thread>1</thread>
  <message>Error in Benchmark.java</message>
  <exception>
    <message>java.util.NoSuchElementException</message>
    <frame>
      <class>java.util.StringTokenizer</class>
      <method>nextToken</method>
      <line>349</line>
    </frame>
    <frame>
      <class>org.uma.jmetal.problem.singleobjective.cec2005competitioncode.Benchmark</class>
      <method>loadRowVector</method>
      <line>521</line>
    </frame>
    <frame>
      <class>org.uma.jmetal.problem.singleobjective.cec2005competitioncode.Benchmark</class>
      <method>loadRowVectorFromFile</method>
      <line>508</line>
    </frame>
    <frame>
      <class>org.uma.jmetal.problem.singleobjective.cec2005competitioncode.F01ShiftedSphere</class>
      <method>&lt;init&gt;</method>
      <line>79</line>
    </frame>
    <frame>
      <class>org.uma.jmetal.problem.singleobjective.cec2005competitioncode.F01ShiftedSphere</class>
      <method>&lt;init&gt;</method>
      <line>68</line>
    </frame>
    <frame>
      <class>sun.reflect.NativeConstructorAccessorImpl</class>
      <method>newInstance0</method>
    </frame>
    <frame>
      <class>sun.reflect.NativeConstructorAccessorImpl</class>
      <method>newInstance</method>
      <line>62</line>
    </frame>
    <frame>
      <class>sun.reflect.DelegatingConstructorAccessorImpl</class>
      <method>newInstance</method>
      <line>45</line>
    </frame>
    <frame>
      <class>java.lang.reflect.Constructor</class>
      <method>newInstance</method>
      <line>422</line>
    </frame>
    <frame>
      <class>org.uma.jmetal.problem.singleobjective.cec2005competitioncode.Benchmark</class>
      <method>testFunctionFactory</method>
      <line>597</line>
    </frame>
    <frame>
      <class>org.uma.jmetal.problem.singleobjective.CEC2005Problem</class>
      <method>&lt;init&gt;</method>
      <line>27</line>
    </frame>
    <frame>
      <class>com.mickeysun.bigpaper.population.FitnessFuntion</class>
      <method>&lt;init&gt;</method>
      <line>11</line>
    </frame>
    <frame>
      <class>SparkDE$</class>
      <method>main</method>
      <line>21</line>
    </frame>
    <frame>
      <class>SparkDE</class>
      <method>main</method>
    </frame>
    <frame>
      <class>sun.reflect.NativeMethodAccessorImpl</class>
      <method>invoke0</method>
    </frame>
    <frame>
      <class>sun.reflect.NativeMethodAccessorImpl</class>
      <method>invoke</method>
      <line>62</line>
    </frame>
    <frame>
      <class>sun.reflect.DelegatingMethodAccessorImpl</class>
      <method>invoke</method>
      <line>43</line>
    </frame>
    <frame>
      <class>java.lang.reflect.Method</class>
      <method>invoke</method>
      <line>497</line>
    </frame>
    <frame>
      <class>com.intellij.rt.execution.application.AppMain</class>
      <method>main</method>
      <line>147</line>
    </frame>
  </exception>
</record>
<record>
  <date>2018-05-02T18:58:22</date>
  <millis>1525258702145</millis>
  <sequence>2</sequence>
  <logger>org.uma.jmetal.util.JMetalLogger</logger>
  <level>SEVERE</level>
  <class>org.uma.jmetal.util.JMetalException</class>
  <method>&lt;init&gt;</method>
  <thread>1</thread>
  <message>Error in Benchmark.java</message>
  <exception>
    <message>java.lang.reflect.InvocationTargetException</message>
    <frame>
      <class>sun.reflect.NativeConstructorAccessorImpl</class>
      <method>newInstance0</method>
    </frame>
    <frame>
      <class>sun.reflect.NativeConstructorAccessorImpl</class>
      <method>newInstance</method>
      <line>62</line>
    </frame>
    <frame>
      <class>sun.reflect.DelegatingConstructorAccessorImpl</class>
      <method>newInstance</method>
      <line>45</line>
    </frame>
    <frame>
      <class>java.lang.reflect.Constructor</class>
      <method>newInstance</method>
      <line>422</line>
    </frame>
    <frame>
      <class>org.uma.jmetal.problem.singleobjective.cec2005competitioncode.Benchmark</class>
      <method>testFunctionFactory</method>
      <line>597</line>
    </frame>
    <frame>
      <class>org.uma.jmetal.problem.singleobjective.CEC2005Problem</class>
      <method>&lt;init&gt;</method>
      <line>27</line>
    </frame>
    <frame>
      <class>com.mickeysun.bigpaper.population.FitnessFuntion</class>
      <method>&lt;init&gt;</method>
      <line>11</line>
    </frame>
    <frame>
      <class>SparkDE$</class>
      <method>main</method>
      <line>21</line>
    </frame>
    <frame>
      <class>SparkDE</class>
      <method>main</method>
    </frame>
    <frame>
      <class>sun.reflect.NativeMethodAccessorImpl</class>
      <method>invoke0</method>
    </frame>
    <frame>
      <class>sun.reflect.NativeMethodAccessorImpl</class>
      <method>invoke</method>
      <line>62</line>
    </frame>
    <frame>
      <class>sun.reflect.DelegatingMethodAccessorImpl</class>
      <method>invoke</method>
      <line>43</line>
    </frame>
    <frame>
      <class>java.lang.reflect.Method</class>
      <method>invoke</method>
      <line>497</line>
    </frame>
    <frame>
      <class>com.intellij.rt.execution.application.AppMain</class>
      <method>main</method>
      <line>147</line>
    </frame>
  </exception>
</record>
</log>
